<?xml version="1.0" encoding="UTF-8"?>
<!-- Generated by org.testng.reporters.JUnitReportReporter -->
<testsuite hostname="PE-HO-461" failures="0" tests="5" name="com.testNG.RunTestNG" time="32.789" errors="0" timestamp="2022-10-05T14:52:21 COT" skipped="0">
  <testcase classname="com.testNG.RunTestNG" name="mercadolibreTestNG" time="0.023"/>
  <system-out/>
  <testcase classname="com.testNG.RunTestNG" name="mercadolibreCrearCuentaTestNG" time="32.750"/>
  <system-out/>
  <testcase classname="com.testNG.RunTestNG" name="mercurytoursTestNG" time="0.008"/>
  <system-out/>
  <testcase classname="com.testNG.RunTestNG" name="ToolsQAAlertsTestNG" time="0.003"/>
  <system-out/>
  <testcase classname="com.testNG.RunTestNG" name="ToolsQAWidgetsTestNG" time="0.005"/>
  <system-out/>
</testsuite> <!-- com.testNG.RunTestNG -->
