<?xml version="1.0" encoding="UTF-8"?>
<!-- Generated by org.testng.reporters.JUnitReportReporter -->
<testsuite hostname="DESKTOP-UT3NPC7" failures="0" tests="1" name="com.PagesObjets.PageBuscarGoogle" time="0.003" errors="0" timestamp="2022-10-04T12:34:13 COT" skipped="0">
  <testcase classname="com.PagesObjets.PageBuscarGoogle" name="f" time="0.003"/>
  <system-out/>
</testsuite> <!-- com.PagesObjets.PageBuscarGoogle -->
